#
# There is insufficient memory for the Java Runtime Environment to continue.
# Native memory allocation (mmap) failed to map 232783872 bytes for committing reserved memory.
# Possible reasons:
#   The system is out of physical RAM or swap space
#   In 32 bit mode, the process size limit was hit
# Possible solutions:
#   Reduce memory load on the system
#   Increase physical memory or swap space
#   Check if swap backing store is full
#   Use 64 bit Java on a 64 bit OS
#   Decrease Java heap size (-Xmx/-Xms)
#   Decrease number of Java threads
#   Decrease Java thread stack sizes (-Xss)
#   Set larger code cache with -XX:ReservedCodeCacheSize=
# This output file may be truncated or incomplete.
#
#  Out of Memory Error (os_linux.cpp:2640), pid=15355, tid=0x00007f90de96d700
#
# JRE version: OpenJDK Runtime Environment (8.0_152-b01) (build 1.8.0_152-release-1024-b01)
# Java VM: OpenJDK 64-Bit Server VM (25.152-b01 mixed mode linux-amd64 compressed oops)
# Failed to write core dump. Core dumps have been disabled. To enable core dumping, try "ulimit -c unlimited" before starting Java again
#

---------------  T H R E A D  ---------------

Current thread (0x00007f90fc079800):  VMThread [stack: 0x00007f90de86e000,0x00007f90de96e000] [id=15365]

Stack: [0x00007f90de86e000,0x00007f90de96e000],  sp=0x00007f90de96c470,  free space=1017k
Native frames: (J=compiled Java code, j=interpreted, Vv=VM code, C=native code)
V  [libjvm.so+0x9ed02d]  VMError::report_and_die()+0x15d
V  [libjvm.so+0x4b99fa]  report_vm_out_of_memory(char const*, int, unsigned long, VMErrorType, char const*)+0x8a
V  [libjvm.so+0x852c20]  os::pd_commit_memory(char*, unsigned long, unsigned long, bool)+0xf0
V  [libjvm.so+0x84d72f]  os::commit_memory(char*, unsigned long, unsigned long, bool)+0x1f
V  [libjvm.so+0x8c448b]  PSVirtualSpace::expand_by(unsigned long)+0x5b
V  [libjvm.so+0x8b526b]  PSOldGen::expand_by(unsigned long) [clone .part.109]+0x1b
V  [libjvm.so+0x8b542b]  PSOldGen::expand(unsigned long) [clone .part.111]+0xdb
V  [libjvm.so+0x8b5d08]  PSOldGen::resize(unsigned long)+0x188
V  [libjvm.so+0x8bb31c]  PSParallelCompact::invoke_no_policy(bool)+0x97c
V  [libjvm.so+0x8c242d]  PSScavenge::invoke()+0x17d
V  [libjvm.so+0x876633]  ParallelScavengeHeap::failed_mem_allocate(unsigned long)+0x63
V  [libjvm.so+0x9eeb54]  VM_ParallelGCFailedAllocation::doit()+0x84
V  [libjvm.so+0x9f3067]  VM_Operation::evaluate()+0x47
V  [libjvm.so+0x9f1a48]  VMThread::evaluate_operation(VM_Operation*)+0x2c8
V  [libjvm.so+0x9f1ec9]  VMThread::loop()+0x219
V  [libjvm.so+0x9f2312]  VMThread::run()+0x72
V  [libjvm.so+0x850032]  java_start(Thread*)+0xf2

VM_Operation (0x00007f90dd17b1c0): ParallelGCFailedAllocation, mode: safepoint, requested by thread 0x00007f90fc1d7800


---------------  P R O C E S S  ---------------

Java Threads: ( => current thread )
  0x00007f90fc1a6000 JavaThread "pool-1-thread-1" [_thread_blocked, id=15414, stack(0x00007f90dcf7b000,0x00007f90dd07c000)]
  0x00007f90fc1d7800 JavaThread "pool-2-thread-4" [_thread_blocked, id=15378, stack(0x00007f90dd07c000,0x00007f90dd17d000)]
  0x00007f90fc1d6800 JavaThread "pool-2-thread-3" [_thread_blocked, id=15377, stack(0x00007f90dd17d000,0x00007f90dd27e000)]
  0x00007f90fc1d4000 JavaThread "pool-2-thread-2" [_thread_blocked, id=15376, stack(0x00007f90dd27e000,0x00007f90dd37f000)]
  0x00007f90fc1c8000 JavaThread "pool-3-thread-1" [_thread_blocked, id=15375, stack(0x00007f90dd37f000,0x00007f90dd480000)]
  0x00007f90fc1c7000 JavaThread "pool-2-thread-1" [_thread_blocked, id=15374, stack(0x00007f90dd480000,0x00007f90dd581000)]
  0x00007f90fc0c9800 JavaThread "Service Thread" daemon [_thread_blocked, id=15372, stack(0x00007f90dd797000,0x00007f90dd898000)]
  0x00007f90fc0be800 JavaThread "C1 CompilerThread2" daemon [_thread_blocked, id=15371, stack(0x00007f90dd899000,0x00007f90dd999000)]
  0x00007f90fc0bc800 JavaThread "C2 CompilerThread1" daemon [_thread_blocked, id=15370, stack(0x00007f90dd99a000,0x00007f90dda9a000)]
  0x00007f90fc0a8000 JavaThread "C2 CompilerThread0" daemon [_thread_blocked, id=15369, stack(0x00007f90dda9b000,0x00007f90ddb9b000)]
  0x00007f90fc0b7800 JavaThread "Signal Dispatcher" daemon [_thread_blocked, id=15368, stack(0x00007f90ddb9b000,0x00007f90ddc9c000)]
  0x00007f90fc085800 JavaThread "Finalizer" daemon [_thread_blocked, id=15367, stack(0x00007f90de66b000,0x00007f90de76c000)]
  0x00007f90fc081000 JavaThread "Reference Handler" daemon [_thread_blocked, id=15366, stack(0x00007f90de76c000,0x00007f90de86d000)]
  0x00007f90fc00b800 JavaThread "main" [_thread_blocked, id=15360, stack(0x00007f91034a9000,0x00007f91035a9000)]

Other Threads:
=>0x00007f90fc079800 VMThread [stack: 0x00007f90de86e000,0x00007f90de96e000] [id=15365]
  0x00007f90fc0cc000 WatcherThread [stack: 0x00007f90dd697000,0x00007f90dd797000] [id=15373]

VM state:at safepoint (normal execution)

VM Mutex/Monitor currently owned by a thread:  ([mutex/lock_event])
[0x00007f90fc007d70] ExpandHeap_lock - owner thread: 0x00007f90fc079800
[0x00007f90fc0083f0] Threads_lock - owner thread: 0x00007f90fc079800
[0x00007f90fc0088f0] Heap_lock - owner thread: 0x00007f90fc1d7800

Heap:
 PSYoungGen      total 572416K, used 15626K [0x00000000d5580000, 0x0000000100000000, 0x0000000100000000)
  eden space 445440K, 0% used [0x00000000d5580000,0x00000000d5580000,0x00000000f0880000)
  from space 126976K, 12% used [0x00000000f8400000,0x00000000f9342ad0,0x0000000100000000)
  to   space 126464K, 0% used [0x00000000f0880000,0x00000000f0880000,0x00000000f8400000)
 ParOldGen       total 755200K, used 755153K [0x0000000080000000, 0x00000000ae180000, 0x00000000d5580000)
  object space 755200K, 99% used [0x0000000080000000,0x00000000ae174598,0x00000000ae180000)
 Metaspace       used 6818K, capacity 7384K, committed 7680K, reserved 1056768K
  class space    used 620K, capacity 656K, committed 768K, reserved 1048576K

Card table byte_map: [0x00007f90ecbff000,0x00007f90ed000000] byte_map_base: 0x00007f90ec7ff000

Marking Bits: (ParMarkBitMap*) 0x00007f9102945440
 Begin Bits: [0x00007f90e4000000, 0x00007f90e6000000)
 End Bits:   [0x00007f90e6000000, 0x00007f90e8000000)

Polling page: 0x00007f91035c3000

CodeCache: size=245760Kb used=13367Kb max_used=13379Kb free=232392Kb
 bounds [0x00007f90ed000000, 0x00007f90edd20000, 0x00007f90fc000000]
 total_blobs=3038 nmethods=2764 adapters=188
 compilation: enabled

Compilation events (10 events):
Event: 74.991 Thread 0x00007f90fc0be800 3754       3       java.net.URLStreamHandler::toExternalForm (219 bytes)
Event: 74.993 Thread 0x00007f90fc0be800 nmethod 3754 0x00007f90edd19b10 code [0x00007f90edd19e80, 0x00007f90edd1d408]
Event: 75.685 Thread 0x00007f90fc0bc800 3755       4       com.android.dx.dex.cf.AttributeTranslator::getParameterAnnotations (69 bytes)
Event: 75.694 Thread 0x00007f90fc0bc800 nmethod 3755 0x00007f90edd13d50 code [0x00007f90edd13f20, 0x00007f90edd145e8]
Event: 75.697 Thread 0x00007f90fc0a8000 3756       4       java.util.TreeMap::rotateRight (96 bytes)
Event: 75.699 Thread 0x00007f90fc0a8000 nmethod 3756 0x00007f90edc53710 code [0x00007f90edc53860, 0x00007f90edc539b8]
Event: 75.714 Thread 0x00007f90fc0be800 3757       3       java.util.concurrent.AbstractExecutorService::submit (25 bytes)
Event: 75.715 Thread 0x00007f90fc0be800 nmethod 3757 0x00007f90edd0ecd0 code [0x00007f90edd0ee80, 0x00007f90edd0f488]
Event: 75.961 Thread 0x00007f90fc0a8000 3758       4       com.android.dx.ssa.back.FirstFitLocalCombiningAllocator$Alignment$1::nextClearBit (26 bytes)
Event: 75.967 Thread 0x00007f90fc0a8000 nmethod 3758 0x00007f90edd10e90 code [0x00007f90edd11000, 0x00007f90edd11378]

GC Heap History (10 events):
Event: 68.299 GC heap after
Heap after GC invocations=21 (full 4):
 PSYoungGen      total 575488K, used 65655K [0x00000000d5580000, 0x0000000100000000, 0x0000000100000000)
  eden space 452096K, 0% used [0x00000000d5580000,0x00000000d5580000,0x00000000f0f00000)
  from space 123392K, 53% used [0x00000000f0f00000,0x00000000f4f1de38,0x00000000f8780000)
  to   space 122368K, 0% used [0x00000000f8880000,0x00000000f8880000,0x0000000100000000)
 ParOldGen       total 581120K, used 498590K [0x0000000080000000, 0x00000000a3780000, 0x00000000d5580000)
  object space 581120K, 85% used [0x0000000080000000,0x000000009e6e7bf0,0x00000000a3780000)
 Metaspace       used 6814K, capacity 7384K, committed 7680K, reserved 1056768K
  class space    used 619K, capacity 656K, committed 768K, reserved 1048576K
}
Event: 68.299 GC heap before
{Heap before GC invocations=22 (full 5):
 PSYoungGen      total 575488K, used 65655K [0x00000000d5580000, 0x0000000100000000, 0x0000000100000000)
  eden space 452096K, 0% used [0x00000000d5580000,0x00000000d5580000,0x00000000f0f00000)
  from space 123392K, 53% used [0x00000000f0f00000,0x00000000f4f1de38,0x00000000f8780000)
  to   space 122368K, 0% used [0x00000000f8880000,0x00000000f8880000,0x0000000100000000)
 ParOldGen       total 581120K, used 498590K [0x0000000080000000, 0x00000000a3780000, 0x00000000d5580000)
  object space 581120K, 85% used [0x0000000080000000,0x000000009e6e7bf0,0x00000000a3780000)
 Metaspace       used 6814K, capacity 7384K, committed 7680K, reserved 1056768K
  class space    used 619K, capacity 656K, committed 768K, reserved 1048576K
Event: 69.696 GC heap after
Heap after GC invocations=22 (full 5):
 PSYoungGen      total 575488K, used 0K [0x00000000d5580000, 0x0000000100000000, 0x0000000100000000)
  eden space 452096K, 0% used [0x00000000d5580000,0x00000000d5580000,0x00000000f0f00000)
  from space 123392K, 0% used [0x00000000f0f00000,0x00000000f0f00000,0x00000000f8780000)
  to   space 122368K, 0% used [0x00000000f8880000,0x00000000f8880000,0x0000000100000000)
 ParOldGen       total 755200K, used 562633K [0x0000000080000000, 0x00000000ae180000, 0x00000000d5580000)
  object space 755200K, 74% used [0x0000000080000000,0x00000000a2572550,0x00000000ae180000)
 Metaspace       used 6814K, capacity 7384K, committed 7680K, reserved 1056768K
  class space    used 619K, capacity 656K, committed 768K, reserved 1048576K
}
Event: 71.254 GC heap before
{Heap before GC invocations=23 (full 5):
 PSYoungGen      total 575488K, used 452096K [0x00000000d5580000, 0x0000000100000000, 0x0000000100000000)
  eden space 452096K, 100% used [0x00000000d5580000,0x00000000f0f00000,0x00000000f0f00000)
  from space 123392K, 0% used [0x00000000f0f00000,0x00000000f0f00000,0x00000000f8780000)
  to   space 122368K, 0% used [0x00000000f8880000,0x00000000f8880000,0x0000000100000000)
 ParOldGen       total 755200K, used 562633K [0x0000000080000000, 0x00000000ae180000, 0x00000000d5580000)
  object space 755200K, 74% used [0x0000000080000000,0x00000000a2572550,0x00000000ae180000)
 Metaspace       used 6815K, capacity 7384K, committed 7680K, reserved 1056768K
  class space    used 619K, capacity 656K, committed 768K, reserved 1048576K
Event: 71.318 GC heap after
Heap after GC invocations=23 (full 5):
 PSYoungGen      total 571392K, used 75331K [0x00000000d5580000, 0x0000000100000000, 0x0000000100000000)
  eden space 449024K, 0% used [0x00000000d5580000,0x00000000d5580000,0x00000000f0c00000)
  from space 122368K, 61% used [0x00000000f8880000,0x00000000fd210cf0,0x0000000100000000)
  to   space 124928K, 0% used [0x00000000f0c00000,0x00000000f0c00000,0x00000000f8600000)
 ParOldGen       total 755200K, used 562633K [0x0000000080000000, 0x00000000ae180000, 0x00000000d5580000)
  object space 755200K, 74% used [0x0000000080000000,0x00000000a2572550,0x00000000ae180000)
 Metaspace       used 6815K, capacity 7384K, committed 7680K, reserved 1056768K
  class space    used 619K, capacity 656K, committed 768K, reserved 1048576K
}
Event: 73.174 GC heap before
{Heap before GC invocations=24 (full 5):
 PSYoungGen      total 571392K, used 524355K [0x00000000d5580000, 0x0000000100000000, 0x0000000100000000)
  eden space 449024K, 100% used [0x00000000d5580000,0x00000000f0c00000,0x00000000f0c00000)
  from space 122368K, 61% used [0x00000000f8880000,0x00000000fd210cf0,0x0000000100000000)
  to   space 124928K, 0% used [0x00000000f0c00000,0x00000000f0c00000,0x00000000f8600000)
 ParOldGen       total 755200K, used 562633K [0x0000000080000000, 0x00000000ae180000, 0x00000000d5580000)
  object space 755200K, 74% used [0x0000000080000000,0x00000000a2572550,0x00000000ae180000)
 Metaspace       used 6815K, capacity 7384K, committed 7680K, reserved 1056768K
  class space    used 619K, capacity 656K, committed 768K, reserved 1048576K
Event: 73.749 GC heap after
Heap after GC invocations=24 (full 5):
 PSYoungGen      total 525824K, used 76496K [0x00000000d5580000, 0x0000000100000000, 0x0000000100000000)
  eden space 449024K, 0% used [0x00000000d5580000,0x00000000d5580000,0x00000000f0c00000)
  from space 76800K, 99% used [0x00000000f0c00000,0x00000000f56b43b8,0x00000000f5700000)
  to   space 126976K, 0% used [0x00000000f8400000,0x00000000f8400000,0x0000000100000000)
 ParOldGen       total 755200K, used 635979K [0x0000000080000000, 0x00000000ae180000, 0x00000000d5580000)
  object space 755200K, 84% used [0x0000000080000000,0x00000000a6d12ee8,0x00000000ae180000)
 Metaspace       used 6815K, capacity 7384K, committed 7680K, reserved 1056768K
  class space    used 619K, capacity 656K, committed 768K, reserved 1048576K
}
Event: 75.971 GC heap before
{Heap before GC invocations=25 (full 5):
 PSYoungGen      total 525824K, used 525520K [0x00000000d5580000, 0x0000000100000000, 0x0000000100000000)
  eden space 449024K, 100% used [0x00000000d5580000,0x00000000f0c00000,0x00000000f0c00000)
  from space 76800K, 99% used [0x00000000f0c00000,0x00000000f56b43b8,0x00000000f5700000)
  to   space 126976K, 0% used [0x00000000f8400000,0x00000000f8400000,0x0000000100000000)
 ParOldGen       total 755200K, used 635979K [0x0000000080000000, 0x00000000ae180000, 0x00000000d5580000)
  object space 755200K, 84% used [0x0000000080000000,0x00000000a6d12ee8,0x00000000ae180000)
 Metaspace       used 6818K, capacity 7384K, committed 7680K, reserved 1056768K
  class space    used 620K, capacity 656K, committed 768K, reserved 1048576K
Event: 78.439 GC heap after
Heap after GC invocations=25 (full 5):
 PSYoungGen      total 572416K, used 72694K [0x00000000d5580000, 0x0000000100000000, 0x0000000100000000)
  eden space 445440K, 0% used [0x00000000d5580000,0x00000000d5580000,0x00000000f0880000)
  from space 126976K, 57% used [0x00000000f8400000,0x00000000fcafd9c8,0x0000000100000000)
  to   space 126464K, 0% used [0x00000000f0880000,0x00000000f0880000,0x00000000f8400000)
 ParOldGen       total 755200K, used 708768K [0x0000000080000000, 0x00000000ae180000, 0x00000000d5580000)
  object space 755200K, 93% used [0x0000000080000000,0x00000000ab428210,0x00000000ae180000)
 Metaspace       used 6818K, capacity 7384K, committed 7680K, reserved 1056768K
  class space    used 620K, capacity 656K, committed 768K, reserved 1048576K
}
Event: 78.439 GC heap before
{Heap before GC invocations=26 (full 6):
 PSYoungGen      total 572416K, used 72694K [0x00000000d5580000, 0x0000000100000000, 0x0000000100000000)
  eden space 445440K, 0% used [0x00000000d5580000,0x00000000d5580000,0x00000000f0880000)
  from space 126976K, 57% used [0x00000000f8400000,0x00000000fcafd9c8,0x0000000100000000)
  to   space 126464K, 0% used [0x00000000f0880000,0x00000000f0880000,0x00000000f8400000)
 ParOldGen       total 755200K, used 708768K [0x0000000080000000, 0x00000000ae180000, 0x00000000d5580000)
  object space 755200K, 93% used [0x0000000080000000,0x00000000ab428210,0x00000000ae180000)
 Metaspace       used 6818K, capacity 7384K, committed 7680K, reserved 1056768K
  class space    used 620K, capacity 656K, committed 768K, reserved 1048576K

Deoptimization events (10 events):
Event: 66.638 Thread 0x00007f90fc1d6800 Uncommon trap: reason=bimorphic action=maybe_recompile pc=0x00007f90ed3a5d5c method=com.android.dx.cf.code.BytecodeArray.parseInstruction(ILcom/android/dx/cf/code/BytecodeArray$Visitor;)I @ 1891
Event: 70.288 Thread 0x00007f90fc1d4000 Uncommon trap: reason=bimorphic action=maybe_recompile pc=0x00007f90edcaae1c method=com.android.dx.cf.code.BytecodeArray.parseInstruction(ILcom/android/dx/cf/code/BytecodeArray$Visitor;)I @ 1747
Event: 70.288 Thread 0x00007f90fc1d4000 Uncommon trap: reason=bimorphic action=maybe_recompile pc=0x00007f90edcaae1c method=com.android.dx.cf.code.BytecodeArray.parseInstruction(ILcom/android/dx/cf/code/BytecodeArray$Visitor;)I @ 1747
Event: 70.321 Thread 0x00007f90fc1d7800 Uncommon trap: reason=null_check action=make_not_entrant pc=0x00007f90ed20f190 method=com.android.dx.rop.cst.CstString.equals(Ljava/lang/Object;)Z @ 1
Event: 71.194 Thread 0x00007f90fc00b800 Uncommon trap: reason=unstable_if action=reinterpret pc=0x00007f90ed132764 method=java.util.concurrent.ConcurrentHashMap.addCount(JI)V @ 97
Event: 71.785 Thread 0x00007f90fc1d7800 Uncommon trap: reason=unstable_if action=reinterpret pc=0x00007f90ed24ee60 method=java.util.TimSort.sort([Ljava/lang/Object;IILjava/util/Comparator;[Ljava/lang/Object;II)V @ 53
Event: 72.800 Thread 0x00007f90fc1d7800 Uncommon trap: reason=unstable_if action=reinterpret pc=0x00007f90edcc0a78 method=com.android.dx.dex.cf.AttributeTranslator.getParameterAnnotations(Lcom/android/dx/cf/iface/Method;)Lcom/android/dx/rop/annotation/AnnotationsList; @ 32
Event: 72.802 Thread 0x00007f90fc1d6800 Uncommon trap: reason=unstable_if action=reinterpret pc=0x00007f90ed422d30 method=com.android.dx.dex.cf.AttributeTranslator.getParameterAnnotations(Lcom/android/dx/cf/iface/Method;)Lcom/android/dx/rop/annotation/AnnotationsList; @ 32
Event: 75.579 Thread 0x00007f90fc00b800 Uncommon trap: reason=unstable_if action=reinterpret pc=0x00007f90edcf599c method=java.util.concurrent.ThreadPoolExecutor.execute(Ljava/lang/Runnable;)V @ 28
Event: 75.672 Thread 0x00007f90fc1a6000 Uncommon trap: reason=bimorphic action=maybe_recompile pc=0x00007f90edc5471c method=java.util.concurrent.FutureTask.run()V @ 42

Classes redefined (0 events):
No events

Internal exceptions (10 events):
Event: 0.423 Thread 0x00007f90fc00b800 Exception <a 'java/lang/NoSuchMethodError': Method sun.misc.Unsafe.defineClass(Ljava/lang/String;[BII)Ljava/lang/Class; name or signature does not match> (0x00000000d5587ca8) thrown at [/usr/local/google/home/ralucas/source/AOSP-openjdk-git/jdk8u/hotspot/
Event: 0.423 Thread 0x00007f90fc00b800 Exception <a 'java/lang/NoSuchMethodError': Method sun.misc.Unsafe.prefetchRead(Ljava/lang/Object;J)V name or signature does not match> (0x00000000d5587f90) thrown at [/usr/local/google/home/ralucas/source/AOSP-openjdk-git/jdk8u/hotspot/src/share/vm/prims
Event: 1.903 Thread 0x00007f90fc1c7000 Implicit null exception at 0x00007f90ed36c722 to 0x00007f90ed36c813
Event: 2.027 Thread 0x00007f90fc1d7800 Implicit null exception at 0x00007f90ed3d2649 to 0x00007f90ed3d4df1
Event: 2.767 Thread 0x00007f90fc1d4000 Exception <a 'java/lang/ArrayIndexOutOfBoundsException': 18> (0x00000000d63d97d0) thrown at [/usr/local/google/home/ralucas/source/AOSP-openjdk-git/jdk8u/hotspot/src/share/vm/interpreter/interpreterRuntime.cpp, line 366]
Event: 2.767 Thread 0x00007f90fc1d4000 Exception <a 'java/lang/ArrayIndexOutOfBoundsException': 145> (0x00000000d63db350) thrown at [/usr/local/google/home/ralucas/source/AOSP-openjdk-git/jdk8u/hotspot/src/share/vm/interpreter/interpreterRuntime.cpp, line 366]
Event: 2.769 Thread 0x00007f90fc1d4000 Exception <a 'java/lang/ArrayIndexOutOfBoundsException'> (0x00000000d63dc638) thrown at [/usr/local/google/home/ralucas/source/AOSP-openjdk-git/jdk8u/hotspot/src/share/vm/runtime/sharedRuntime.cpp, line 605]
Event: 9.475 Thread 0x00007f90fc1c7000 Implicit null exception at 0x00007f90ed9c5e9d to 0x00007f90ed9c6c85
Event: 63.680 Thread 0x00007f90fc1d4000 Implicit null exception at 0x00007f90ed2cae6b to 0x00007f90ed2cc021
Event: 70.321 Thread 0x00007f90fc1d7800 Implicit null exception at 0x00007f90ed20f08c to 0x00007f90ed20f183

Events (10 events):
Event: 75.675 Executing VM operation: RevokeBias done
Event: 75.675 Executing VM operation: RevokeBias
Event: 75.675 Executing VM operation: RevokeBias done
Event: 75.675 Executing VM operation: RevokeBias
Event: 75.678 Executing VM operation: RevokeBias done
Event: 75.678 Executing VM operation: RevokeBias
Event: 75.678 Executing VM operation: RevokeBias done
Event: 75.829 Executing VM operation: RevokeBias
Event: 75.829 Executing VM operation: RevokeBias done
Event: 75.971 Executing VM operation: ParallelGCFailedAllocation


Dynamic libraries:
00400000-00401000 r-xp 00000000 08:01 22282818                           /home/rajdeep/android-studio-ide-173.4907809-linux/android-studio/jre/bin/java
00600000-00601000 r--p 00000000 08:01 22282818                           /home/rajdeep/android-studio-ide-173.4907809-linux/android-studio/jre/bin/java
00601000-00602000 rw-p 00001000 08:01 22282818                           /home/rajdeep/android-studio-ide-173.4907809-linux/android-studio/jre/bin/java
02080000-020a1000 rw-p 00000000 00:00 0                                  [heap]
80000000-ae180000 rw-p 00000000 00:00 0 
bbf80000-d5580000 ---p 00000000 00:00 0 
d5580000-100000000 rw-p 00000000 00:00 0 
100000000-1000c0000 rw-p 00000000 00:00 0 
1000c0000-140000000 ---p 00000000 00:00 0 
7f9098000000-7f9098024000 rw-p 00000000 00:00 0 
7f9098024000-7f909c000000 ---p 00000000 00:00 0 
7f909c000000-7f909c021000 rw-p 00000000 00:00 0 
7f909c021000-7f90a0000000 ---p 00000000 00:00 0 
7f90a0000000-7f90a0025000 rw-p 00000000 00:00 0 
7f90a0025000-7f90a4000000 ---p 00000000 00:00 0 
7f90a4000000-7f90a402a000 rw-p 00000000 00:00 0 
7f90a402a000-7f90a8000000 ---p 00000000 00:00 0 
7f90a8000000-7f90a8038000 rw-p 00000000 00:00 0 
7f90a8038000-7f90ac000000 ---p 00000000 00:00 0 
7f90ac000000-7f90ac021000 rw-p 00000000 00:00 0 
7f90ac021000-7f90b0000000 ---p 00000000 00:00 0 
7f90b0000000-7f90b0021000 rw-p 00000000 00:00 0 
7f90b0021000-7f90b4000000 ---p 00000000 00:00 0 
7f90b4000000-7f90b4021000 rw-p 00000000 00:00 0 
7f90b4021000-7f90b8000000 ---p 00000000 00:00 0 
7f90b8000000-7f90b9939000 rw-p 00000000 00:00 0 
7f90b9939000-7f90bc000000 ---p 00000000 00:00 0 
7f90bc000000-7f90bc918000 rw-p 00000000 00:00 0 
7f90bc918000-7f90c0000000 ---p 00000000 00:00 0 
7f90c0000000-7f90c0021000 rw-p 00000000 00:00 0 
7f90c0021000-7f90c4000000 ---p 00000000 00:00 0 
7f90c4000000-7f90c551b000 rw-p 00000000 00:00 0 
7f90c551b000-7f90c8000000 ---p 00000000 00:00 0 
7f90c8000000-7f90c8021000 rw-p 00000000 00:00 0 
7f90c8021000-7f90cc000000 ---p 00000000 00:00 0 
7f90cc000000-7f90cc021000 rw-p 00000000 00:00 0 
7f90cc021000-7f90d0000000 ---p 00000000 00:00 0 
7f90d0000000-7f90d0021000 rw-p 00000000 00:00 0 
7f90d0021000-7f90d4000000 ---p 00000000 00:00 0 
7f90d4000000-7f90d4281000 rw-p 00000000 00:00 0 
7f90d4281000-7f90d8000000 ---p 00000000 00:00 0 
7f90d8000000-7f90d8021000 rw-p 00000000 00:00 0 
7f90d8021000-7f90dc000000 ---p 00000000 00:00 0 
7f90dcf7b000-7f90dcf7e000 ---p 00000000 00:00 0 
7f90dcf7e000-7f90dd07c000 rw-p 00000000 00:00 0 
7f90dd07c000-7f90dd07f000 ---p 00000000 00:00 0 
7f90dd07f000-7f90dd17d000 rw-p 00000000 00:00 0 
7f90dd17d000-7f90dd180000 ---p 00000000 00:00 0 
7f90dd180000-7f90dd27e000 rw-p 00000000 00:00 0 
7f90dd27e000-7f90dd281000 ---p 00000000 00:00 0 
7f90dd281000-7f90dd37f000 rw-p 00000000 00:00 0 
7f90dd37f000-7f90dd382000 ---p 00000000 00:00 0 
7f90dd382000-7f90dd480000 rw-p 00000000 00:00 0 
7f90dd480000-7f90dd483000 ---p 00000000 00:00 0 
7f90dd483000-7f90dd581000 rw-p 00000000 00:00 0 
7f90dd581000-7f90dd696000 r--s 00e3c000 08:01 30672574                   /home/rajdeep/sabpaisaapp/sabpaisa/app/build/intermediates/transforms/jarMerging/debug/jars/1/1f/combined.jar
7f90dd696000-7f90dd697000 ---p 00000000 00:00 0 
7f90dd697000-7f90dd797000 rw-p 00000000 00:00 0 
7f90dd797000-7f90dd79a000 ---p 00000000 00:00 0 
7f90dd79a000-7f90dd898000 rw-p 00000000 00:00 0 
7f90dd898000-7f90dd899000 ---p 00000000 00:00 0 
7f90dd899000-7f90dd89c000 ---p 00000000 00:00 0 
7f90dd89c000-7f90dd999000 rw-p 00000000 00:00 0 
7f90dd999000-7f90dd99a000 ---p 00000000 00:00 0 
7f90dd99a000-7f90dd99d000 ---p 00000000 00:00 0 
7f90dd99d000-7f90dda9a000 rw-p 00000000 00:00 0 
7f90dda9a000-7f90dda9b000 ---p 00000000 00:00 0 
7f90dda9b000-7f90dda9e000 ---p 00000000 00:00 0 
7f90dda9e000-7f90ddb9b000 rw-p 00000000 00:00 0 
7f90ddb9b000-7f90ddb9e000 ---p 00000000 00:00 0 
7f90ddb9e000-7f90ddc9c000 rw-p 00000000 00:00 0 
7f90ddc9c000-7f90de66b000 r--p 00000000 08:01 531002                     /usr/lib/locale/locale-archive
7f90de66b000-7f90de66e000 ---p 00000000 00:00 0 
7f90de66e000-7f90de76c000 rw-p 00000000 00:00 0 
7f90de76c000-7f90de76f000 ---p 00000000 00:00 0 
7f90de76f000-7f90de86d000 rw-p 00000000 00:00 0 
7f90de86d000-7f90de86e000 ---p 00000000 00:00 0 
7f90de86e000-7f90dfec0000 rw-p 00000000 00:00 0 
7f90dfec0000-7f90e0000000 ---p 00000000 00:00 0 
7f90e0000000-7f90e0021000 rw-p 00000000 00:00 0 
7f90e0021000-7f90e4000000 ---p 00000000 00:00 0 
7f90e4000000-7f90e8000000 rw-p 00000000 00:00 0 
7f90e8000000-7f90e8021000 rw-p 00000000 00:00 0 
7f90e8021000-7f90ec000000 ---p 00000000 00:00 0 
7f90ec00b000-7f90ec10c000 rw-p 00000000 00:00 0 
7f90ec10c000-7f90ec2dc000 r--s 03c46000 08:01 22282889                   /home/rajdeep/android-studio-ide-173.4907809-linux/android-studio/jre/jre/lib/rt.jar
7f90ec2dc000-7f90ec752000 rw-p 00000000 00:00 0 
7f90ec752000-7f90ec753000 ---p 00000000 00:00 0 
7f90ec753000-7f90ec853000 rw-p 00000000 00:00 0 
7f90ec853000-7f90ec854000 ---p 00000000 00:00 0 
7f90ec854000-7f90ecac5000 rw-p 00000000 00:00 0 
7f90ecac5000-7f90ecbff000 ---p 00000000 00:00 0 
7f90ecbff000-7f90ecd70000 rw-p 00000000 00:00 0 
7f90ecd70000-7f90ecea9000 ---p 00000000 00:00 0 
7f90ecea9000-7f90ecfff000 rw-p 00000000 00:00 0 
7f90ecfff000-7f90ed000000 rw-p 00000000 00:00 0 
7f90ed000000-7f90edd20000 rwxp 00000000 00:00 0 
7f90edd20000-7f90fc000000 ---p 00000000 00:00 0 
7f90fc000000-7f90fc3e9000 rw-p 00000000 00:00 0 
7f90fc3e9000-7f9100000000 ---p 00000000 00:00 0 
7f9100016000-7f9100064000 rw-p 00000000 00:00 0 
7f9100064000-7f9100065000 ---p 00000000 00:00 0 
7f9100065000-7f9100165000 rw-p 00000000 00:00 0 
7f9100165000-7f9100166000 ---p 00000000 00:00 0 
7f9100166000-7f910029b000 rw-p 00000000 00:00 0 
7f910029b000-7f9100626000 ---p 00000000 00:00 0 
7f9100626000-7f9100640000 r-xp 00000000 08:01 22282900                   /home/rajdeep/android-studio-ide-173.4907809-linux/android-studio/jre/jre/lib/amd64/libzip.so
7f9100640000-7f9100840000 ---p 0001a000 08:01 22282900                   /home/rajdeep/android-studio-ide-173.4907809-linux/android-studio/jre/jre/lib/amd64/libzip.so
7f9100840000-7f9100841000 r--p 0001a000 08:01 22282900                   /home/rajdeep/android-studio-ide-173.4907809-linux/android-studio/jre/jre/lib/amd64/libzip.so
7f9100841000-7f9100842000 rw-p 0001b000 08:01 22282900                   /home/rajdeep/android-studio-ide-173.4907809-linux/android-studio/jre/jre/lib/amd64/libzip.so
7f9100842000-7f910084d000 r-xp 00000000 08:01 14684892                   /lib/x86_64-linux-gnu/libnss_files-2.27.so
7f910084d000-7f9100a4c000 ---p 0000b000 08:01 14684892                   /lib/x86_64-linux-gnu/libnss_files-2.27.so
7f9100a4c000-7f9100a4d000 r--p 0000a000 08:01 14684892                   /lib/x86_64-linux-gnu/libnss_files-2.27.so
7f9100a4d000-7f9100a4e000 rw-p 0000b000 08:01 14684892                   /lib/x86_64-linux-gnu/libnss_files-2.27.so
7f9100a4e000-7f9100a54000 rw-p 00000000 00:00 0 
7f9100a54000-7f9100a6b000 r-xp 00000000 08:01 14684886                   /lib/x86_64-linux-gnu/libnsl-2.27.so
7f9100a6b000-7f9100c6a000 ---p 00017000 08:01 14684886                   /lib/x86_64-linux-gnu/libnsl-2.27.so
7f9100c6a000-7f9100c6b000 r--p 00016000 08:01 14684886                   /lib/x86_64-linux-gnu/libnsl-2.27.so
7f9100c6b000-7f9100c6c000 rw-p 00017000 08:01 14684886                   /lib/x86_64-linux-gnu/libnsl-2.27.so
7f9100c6c000-7f9100c6e000 rw-p 00000000 00:00 0 
7f9100c6e000-7f9100c79000 r-xp 00000000 08:01 14684903                   /lib/x86_64-linux-gnu/libnss_nis-2.27.so
7f9100c79000-7f9100e78000 ---p 0000b000 08:01 14684903                   /lib/x86_64-linux-gnu/libnss_nis-2.27.so
7f9100e78000-7f9100e79000 r--p 0000a000 08:01 14684903                   /lib/x86_64-linux-gnu/libnss_nis-2.27.so
7f9100e79000-7f9100e7a000 rw-p 0000b000 08:01 14684903                   /lib/x86_64-linux-gnu/libnss_nis-2.27.so
7f9100e7a000-7f9100e82000 r-xp 00000000 08:01 14684888                   /lib/x86_64-linux-gnu/libnss_compat-2.27.so
7f9100e82000-7f9101082000 ---p 00008000 08:01 14684888                   /lib/x86_64-linux-gnu/libnss_compat-2.27.so
7f9101082000-7f9101083000 r--p 00008000 08:01 14684888                   /lib/x86_64-linux-gnu/libnss_compat-2.27.so
7f9101083000-7f9101084000 rw-p 00009000 08:01 14684888                   /lib/x86_64-linux-gnu/libnss_compat-2.27.so
7f9101084000-7f91010b1000 r-xp 00000000 08:01 22282897                   /home/rajdeep/android-studio-ide-173.4907809-linux/android-studio/jre/jre/lib/amd64/libjava.so
7f91010b1000-7f91012b0000 ---p 0002d000 08:01 22282897                   /home/rajdeep/android-studio-ide-173.4907809-linux/android-studio/jre/jre/lib/amd64/libjava.so
7f91012b0000-7f91012b1000 r--p 0002c000 08:01 22282897                   /home/rajdeep/android-studio-ide-173.4907809-linux/android-studio/jre/jre/lib/amd64/libjava.so
7f91012b1000-7f91012b3000 rw-p 0002d000 08:01 22282897                   /home/rajdeep/android-studio-ide-173.4907809-linux/android-studio/jre/jre/lib/amd64/libjava.so
7f91012b3000-7f91012c3000 r-xp 00000000 08:01 22282923                   /home/rajdeep/android-studio-ide-173.4907809-linux/android-studio/jre/jre/lib/amd64/libverify.so
7f91012c3000-7f91014c2000 ---p 00010000 08:01 22282923                   /home/rajdeep/android-studio-ide-173.4907809-linux/android-studio/jre/jre/lib/amd64/libverify.so
7f91014c2000-7f91014c4000 r--p 0000f000 08:01 22282923                   /home/rajdeep/android-studio-ide-173.4907809-linux/android-studio/jre/jre/lib/amd64/libverify.so
7f91014c4000-7f91014c5000 rw-p 00011000 08:01 22282923                   /home/rajdeep/android-studio-ide-173.4907809-linux/android-studio/jre/jre/lib/amd64/libverify.so
7f91014c5000-7f91014cc000 r-xp 00000000 08:01 14684943                   /lib/x86_64-linux-gnu/librt-2.27.so
7f91014cc000-7f91016cb000 ---p 00007000 08:01 14684943                   /lib/x86_64-linux-gnu/librt-2.27.so
7f91016cb000-7f91016cc000 r--p 00006000 08:01 14684943                   /lib/x86_64-linux-gnu/librt-2.27.so
7f91016cc000-7f91016cd000 rw-p 00007000 08:01 14684943                   /lib/x86_64-linux-gnu/librt-2.27.so
7f91016cd000-7f910186a000 r-xp 00000000 08:01 14684865                   /lib/x86_64-linux-gnu/libm-2.27.so
7f910186a000-7f9101a69000 ---p 0019d000 08:01 14684865                   /lib/x86_64-linux-gnu/libm-2.27.so
7f9101a69000-7f9101a6a000 r--p 0019c000 08:01 14684865                   /lib/x86_64-linux-gnu/libm-2.27.so
7f9101a6a000-7f9101a6b000 rw-p 0019d000 08:01 14684865                   /lib/x86_64-linux-gnu/libm-2.27.so
7f9101a6b000-7f9102667000 r-xp 00000000 08:01 22282926                   /home/rajdeep/android-studio-ide-173.4907809-linux/android-studio/jre/jre/lib/amd64/server/libjvm.so
7f9102667000-7f9102867000 ---p 00bfc000 08:01 22282926                   /home/rajdeep/android-studio-ide-173.4907809-linux/android-studio/jre/jre/lib/amd64/server/libjvm.so
7f9102867000-7f9102907000 r--p 00bfc000 08:01 22282926                   /home/rajdeep/android-studio-ide-173.4907809-linux/android-studio/jre/jre/lib/amd64/server/libjvm.so
7f9102907000-7f9102930000 rw-p 00c9c000 08:01 22282926                   /home/rajdeep/android-studio-ide-173.4907809-linux/android-studio/jre/jre/lib/amd64/server/libjvm.so
7f9102930000-7f9102974000 rw-p 00000000 00:00 0 
7f9102974000-7f910298e000 r-xp 00000000 08:01 14684935                   /lib/x86_64-linux-gnu/libpthread-2.27.so
7f910298e000-7f9102b8d000 ---p 0001a000 08:01 14684935                   /lib/x86_64-linux-gnu/libpthread-2.27.so
7f9102b8d000-7f9102b8e000 r--p 00019000 08:01 14684935                   /lib/x86_64-linux-gnu/libpthread-2.27.so
7f9102b8e000-7f9102b8f000 rw-p 0001a000 08:01 14684935                   /lib/x86_64-linux-gnu/libpthread-2.27.so
7f9102b8f000-7f9102b93000 rw-p 00000000 00:00 0 
7f9102b93000-7f9102b96000 r-xp 00000000 08:01 14684825                   /lib/x86_64-linux-gnu/libdl-2.27.so
7f9102b96000-7f9102d95000 ---p 00003000 08:01 14684825                   /lib/x86_64-linux-gnu/libdl-2.27.so
7f9102d95000-7f9102d96000 r--p 00002000 08:01 14684825                   /lib/x86_64-linux-gnu/libdl-2.27.so
7f9102d96000-7f9102d97000 rw-p 00003000 08:01 14684825                   /lib/x86_64-linux-gnu/libdl-2.27.so
7f9102d97000-7f9102f7e000 r-xp 00000000 08:01 14684802                   /lib/x86_64-linux-gnu/libc-2.27.so
7f9102f7e000-7f910317e000 ---p 001e7000 08:01 14684802                   /lib/x86_64-linux-gnu/libc-2.27.so
7f910317e000-7f9103182000 r--p 001e7000 08:01 14684802                   /lib/x86_64-linux-gnu/libc-2.27.so
7f9103182000-7f9103184000 rw-p 001eb000 08:01 14684802                   /lib/x86_64-linux-gnu/libc-2.27.so
7f9103184000-7f9103188000 rw-p 00000000 00:00 0 
7f9103188000-7f910319e000 r-xp 00000000 08:01 22282851                   /home/rajdeep/android-studio-ide-173.4907809-linux/android-studio/jre/lib/amd64/jli/libjli.so
7f910319e000-7f910339d000 ---p 00016000 08:01 22282851                   /home/rajdeep/android-studio-ide-173.4907809-linux/android-studio/jre/lib/amd64/jli/libjli.so
7f910339d000-7f910339e000 r--p 00015000 08:01 22282851                   /home/rajdeep/android-studio-ide-173.4907809-linux/android-studio/jre/lib/amd64/jli/libjli.so
7f910339e000-7f910339f000 rw-p 00016000 08:01 22282851                   /home/rajdeep/android-studio-ide-173.4907809-linux/android-studio/jre/lib/amd64/jli/libjli.so
7f910339f000-7f91033c6000 r-xp 00000000 08:01 14684774                   /lib/x86_64-linux-gnu/ld-2.27.so
7f91033dc000-7f91034a8000 rw-p 00000000 00:00 0 
7f91034a8000-7f91034a9000 ---p 00000000 00:00 0 
7f91034a9000-7f91034ac000 ---p 00000000 00:00 0 
7f91034ac000-7f91035ab000 rw-p 00000000 00:00 0 
7f91035ab000-7f91035ba000 r--s 000ed000 08:01 23858534                   /home/rajdeep/Android/Sdk/build-tools/27.0.0/lib/dx.jar
7f91035ba000-7f91035c2000 rw-s 00000000 08:01 23992407                   /tmp/hsperfdata_rajdeep/15355
7f91035c2000-7f91035c3000 rw-p 00000000 00:00 0 
7f91035c3000-7f91035c4000 ---p 00000000 00:00 0 
7f91035c4000-7f91035c6000 rw-p 00000000 00:00 0 
7f91035c6000-7f91035c7000 r--p 00027000 08:01 14684774                   /lib/x86_64-linux-gnu/ld-2.27.so
7f91035c7000-7f91035c8000 rw-p 00028000 08:01 14684774                   /lib/x86_64-linux-gnu/ld-2.27.so
7f91035c8000-7f91035c9000 rw-p 00000000 00:00 0 
7ffc7af4b000-7ffc7af6c000 rw-p 00000000 00:00 0                          [stack]
7ffc7af9d000-7ffc7afa0000 r--p 00000000 00:00 0                          [vvar]
7ffc7afa0000-7ffc7afa2000 r-xp 00000000 00:00 0                          [vdso]
ffffffffff600000-ffffffffff601000 r-xp 00000000 00:00 0                  [vsyscall]

VM Arguments:
jvm_args: -Djava.awt.headless=true -Xmx2048M -Dfile.encoding=UTF-8 -Duser.country=IN -Duser.language=en -Duser.variant 
java_command: com.android.dx.command.Main --dex --num-threads=4 --multi-dex --main-dex-list /home/rajdeep/sabpaisaapp/sabpaisa/app/build/intermediates/multi-dex/debug/maindexlist.txt --output /home/rajdeep/sabpaisaapp/sabpaisa/app/build/intermediates/transforms/dex/debug/folders/1000/1f/main /home/rajdeep/sabpaisaapp/sabpaisa/app/build/intermediates/transforms/jarMerging/debug/jars/1/1f/combined.jar
java_class_path (initial): /home/rajdeep/Android/Sdk/build-tools/27.0.0/lib/dx.jar
Launcher Type: SUN_STANDARD

Environment Variables:
PATH=/usr/local/sbin:/usr/local/bin:/usr/sbin:/usr/bin:/sbin:/bin:/usr/games:/usr/local/games:/snap/bin
USERNAME=rajdeep
SHELL=/bin/bash
DISPLAY=:0

Signal Handlers:
SIGSEGV: [libjvm.so+0x9edb30], sa_mask[0]=11111111011111111101111111111110, sa_flags=SA_RESTART|SA_SIGINFO
SIGBUS: [libjvm.so+0x9edb30], sa_mask[0]=11111111011111111101111111111110, sa_flags=SA_RESTART|SA_SIGINFO
SIGFPE: [libjvm.so+0x84e800], sa_mask[0]=11111111011111111101111111111110, sa_flags=SA_RESTART|SA_SIGINFO
SIGPIPE: [libjvm.so+0x84e800], sa_mask[0]=11111111011111111101111111111110, sa_flags=SA_RESTART|SA_SIGINFO
SIGXFSZ: [libjvm.so+0x84e800], sa_mask[0]=11111111011111111101111111111110, sa_flags=SA_RESTART|SA_SIGINFO
SIGILL: [libjvm.so+0x84e800], sa_mask[0]=11111111011111111101111111111110, sa_flags=SA_RESTART|SA_SIGINFO
SIGUSR1: SIG_DFL, sa_mask[0]=00000000000000000000000000000000, sa_flags=none
SIGUSR2: [libjvm.so+0x84e6d0], sa_mask[0]=00100000000000000000000000000000, sa_flags=SA_RESTART|SA_SIGINFO
SIGHUP: [libjvm.so+0x84e8c0], sa_mask[0]=11111111011111111101111111111110, sa_flags=SA_RESTART|SA_SIGINFO
SIGINT: [libjvm.so+0x84e8c0], sa_mask[0]=11111111011111111101111111111110, sa_flags=SA_RESTART|SA_SIGINFO
SIGTERM: [libjvm.so+0x84e8c0], sa_mask[0]=11111111011111111101111111111110, sa_flags=SA_RESTART|SA_SIGINFO
SIGQUIT: [libjvm.so+0x84e8c0], sa_mask[0]=11111111011111111101111111111110, sa_flags=SA_RESTART|SA_SIGINFO


---------------  S Y S T E M  ---------------

OS:DISTRIB_ID=Ubuntu
DISTRIB_RELEASE=18.04
DISTRIB_CODENAME=bionic
DISTRIB_DESCRIPTION="Ubuntu 18.04.1 LTS"

uname:Linux 4.15.0-34-generic #37-Ubuntu SMP Mon Aug 27 15:21:48 UTC 2018 x86_64
libc:glibc 2.27 NPTL 2.27 
rlimit: STACK 8192k, CORE 0k, NPROC 31188, NOFILE 1048576, AS infinity
load average:15.55 6.54 3.68

/proc/meminfo:
MemTotal:        8044780 kB
MemFree:          102820 kB
MemAvailable:      44768 kB
Buffers:           12144 kB
Cached:           469776 kB
SwapCached:        18544 kB
Active:          6744360 kB
Inactive:         888548 kB
Active(anon):    6695188 kB
Inactive(anon):   837060 kB
Active(file):      49172 kB
Inactive(file):    51488 kB
Unevictable:          32 kB
Mlocked:              32 kB
SwapTotal:       2097148 kB
SwapFree:          68844 kB
Dirty:               344 kB
Writeback:          4932 kB
AnonPages:       7143552 kB
Mapped:           282384 kB
Shmem:            381164 kB
Slab:             139596 kB
SReclaimable:      57252 kB
SUnreclaim:        82344 kB
KernelStack:       15712 kB
PageTables:        76444 kB
NFS_Unstable:          0 kB
Bounce:                0 kB
WritebackTmp:          0 kB
CommitLimit:     6119536 kB
Committed_AS:   16539380 kB
VmallocTotal:   34359738367 kB
VmallocUsed:           0 kB
VmallocChunk:          0 kB
HardwareCorrupted:     0 kB
AnonHugePages:    577536 kB
ShmemHugePages:        0 kB
ShmemPmdMapped:        0 kB
CmaTotal:              0 kB
CmaFree:               0 kB
HugePages_Total:       0
HugePages_Free:        0
HugePages_Rsvd:        0
HugePages_Surp:        0
Hugepagesize:       2048 kB
DirectMap4k:      239492 kB
DirectMap2M:     8026112 kB


CPU:total 4 (initial active 4) (2 cores per cpu, 2 threads per core) family 6 model 58 stepping 9, cmov, cx8, fxsr, mmx, sse, sse2, sse3, ssse3, sse4.1, sse4.2, popcnt, avx, aes, clmul, erms, ht, tsc, tscinvbit, tscinv

/proc/cpuinfo:
processor	: 0
vendor_id	: GenuineIntel
cpu family	: 6
model		: 58
model name	: Intel(R) Core(TM) i5-3230M CPU @ 2.60GHz
stepping	: 9
microcode	: 0x20
cpu MHz		: 2993.243
cache size	: 3072 KB
physical id	: 0
siblings	: 4
core id		: 0
cpu cores	: 2
apicid		: 0
initial apicid	: 0
fpu		: yes
fpu_exception	: yes
cpuid level	: 13
wp		: yes
flags		: fpu vme de pse tsc msr pae mce cx8 apic sep mtrr pge mca cmov pat pse36 clflush dts acpi mmx fxsr sse sse2 ss ht tm pbe syscall nx rdtscp lm constant_tsc arch_perfmon pebs bts rep_good nopl xtopology nonstop_tsc cpuid aperfmperf pni pclmulqdq dtes64 monitor ds_cpl vmx est tm2 ssse3 cx16 xtpr pdcm pcid sse4_1 sse4_2 x2apic popcnt tsc_deadline_timer aes xsave avx f16c rdrand lahf_lm cpuid_fault epb pti ssbd ibrs ibpb stibp tpr_shadow vnmi flexpriority ept vpid fsgsbase smep erms xsaveopt dtherm ida arat pln pts flush_l1d
bugs		: cpu_meltdown spectre_v1 spectre_v2 spec_store_bypass l1tf
bogomips	: 5188.37
clflush size	: 64
cache_alignment	: 64
address sizes	: 36 bits physical, 48 bits virtual
power management:

processor	: 1
vendor_id	: GenuineIntel
cpu family	: 6
model		: 58
model name	: Intel(R) Core(TM) i5-3230M CPU @ 2.60GHz
stepping	: 9
microcode	: 0x20
cpu MHz		: 2993.327
cache size	: 3072 KB
physical id	: 0
siblings	: 4
core id		: 0
cpu cores	: 2
apicid		: 1
initial apicid	: 1
fpu		: yes
fpu_exception	: yes
cpuid level	: 13
wp		: yes
flags		: fpu vme de pse tsc msr pae mce cx8 apic sep mtrr pge mca cmov pat pse36 clflush dts acpi mmx fxsr sse sse2 ss ht tm pbe syscall nx rdtscp lm constant_tsc arch_perfmon pebs bts rep_good nopl xtopology nonstop_tsc cpuid aperfmperf pni pclmulqdq dtes64 monitor ds_cpl vmx est tm2 ssse3 cx16 xtpr pdcm pcid sse4_1 sse4_2 x2apic popcnt tsc_deadline_timer aes xsave avx f16c rdrand lahf_lm cpuid_fault epb pti ssbd ibrs ibpb stibp tpr_shadow vnmi flexpriority ept vpid fsgsbase smep erms xsaveopt dtherm ida arat pln pts flush_l1d
bugs		: cpu_meltdown spectre_v1 spectre_v2 spec_store_bypass l1tf
bogomips	: 5188.37
clflush size	: 64
cache_alignment	: 64
address sizes	: 36 bits physical, 48 bits virtual
power management:

processor	: 2
vendor_id	: GenuineIntel
cpu family	: 6
model		: 58
model name	: Intel(R) Core(TM) i5-3230M CPU @ 2.60GHz
stepping	: 9
microcode	: 0x20
cpu MHz		: 2880.247
cache size	: 3072 KB
physical id	: 0
siblings	: 4
core id		: 1
cpu cores	: 2
apicid		: 2
initial apicid	: 2
fpu		: yes
fpu_exception	: yes
cpuid level	: 13
wp		: yes
flags		: fpu vme de pse tsc msr pae mce cx8 apic sep mtrr pge mca cmov pat pse36 clflush dts acpi mmx fxsr sse sse2 ss ht tm pbe syscall nx rdtscp lm constant_tsc arch_perfmon pebs bts rep_good nopl xtopology nonstop_tsc cpuid aperfmperf pni pclmulqdq dtes64 monitor ds_cpl vmx est tm2 ssse3 cx16 xtpr pdcm pcid sse4_1 sse4_2 x2apic popcnt tsc_deadline_timer aes xsave avx f16c rdrand lahf_lm cpuid_fault epb pti ssbd ibrs ibpb stibp tpr_shadow vnmi flexpriority ept vpid fsgsbase smep erms xsaveopt dtherm ida arat pln pts flush_l1d
bugs		: cpu_meltdown spectre_v1 spectre_v2 spec_store_bypass l1tf
bogomips	: 5188.37
clflush size	: 64
cache_alignment	: 64
address sizes	: 36 bits physical, 48 bits virtual
power management:

processor	: 3
vendor_id	: GenuineIntel
cpu family	: 6
model		: 58
model name	: Intel(R) Core(TM) i5-3230M CPU @ 2.60GHz
stepping	: 9
microcode	: 0x20
cpu MHz		: 3034.056
cache size	: 3072 KB
physical id	: 0
siblings	: 4
core id		: 1
cpu cores	: 2
apicid		: 3
initial apicid	: 3
fpu		: yes
fpu_exception	: yes
cpuid level	: 13
wp		: yes
flags		: fpu vme de pse tsc msr pae mce cx8 apic sep mtrr pge mca cmov pat pse36 clflush dts acpi mmx fxsr sse sse2 ss ht tm pbe syscall nx rdtscp lm constant_tsc arch_perfmon pebs bts rep_good nopl xtopology nonstop_tsc cpuid aperfmperf pni pclmulqdq dtes64 monitor ds_cpl vmx est tm2 ssse3 cx16 xtpr pdcm pcid sse4_1 sse4_2 x2apic popcnt tsc_deadline_timer aes xsave avx f16c rdrand lahf_lm cpuid_fault epb pti ssbd ibrs ibpb stibp tpr_shadow vnmi flexpriority ept vpid fsgsbase smep erms xsaveopt dtherm ida arat pln pts flush_l1d
bugs		: cpu_meltdown spectre_v1 spectre_v2 spec_store_bypass l1tf
bogomips	: 5188.37
clflush size	: 64
cache_alignment	: 64
address sizes	: 36 bits physical, 48 bits virtual
power management:



Memory: 4k page, physical 8044780k(107748k free), swap 2097148k(67408k free)

vm_info: OpenJDK 64-Bit Server VM (25.152-b01) for linux-amd64 JRE (1.8.0_152-release-1024-b01), built by "builder" with gcc 4.8.4

time: Thu Sep 20 15:52:27 2018
elapsed time: 112 seconds (0d 0h 1m 52s)

